<?xml version="1.0" encoding="UTF-8"?>
<testsuite xmlns:xsi="http://www.w3.org/2001/XMLSchema-instance" xsi:noNamespaceSchemaLocation="https://maven.apache.org/surefire/maven-surefire-plugin/xsd/surefire-test-report-3.0.xsd" version="3.0" name="TestStateHandler" time="0.289" tests="9" errors="0" skipped="0" failures="0">
  <properties>
[...]
</properties>
  <testcase name="updateTimerPenalize_penalizesWhenTimeExpires" classname="TestStateHandler" time="0.193"/>
  <testcase name="penalize_setsPlayerStateToPenalized" classname="TestStateHandler" time="0.006"/>
  <testcase name="cancelTimerCombat_removesCombatTimer" classname="TestStateHandler" time="0.007"/>
  <testcase name="cancelTimerPenalize_removesPenalizeTimer" classname="TestStateHandler" time="0.004"/>
  <testcase name="updateTimerCombat_deactivatesCombatWhenTimeExpires" classname="TestStateHandler" time="0.003"/>
  <testcase name="activateCombat_setsPlayerStateToActive" classname="TestStateHandler" time="0.002"/>
  <testcase name="disconnectOnCombat_setsPlayerStateToDisconnected" classname="TestStateHandler" time="0.002"/>
  <testcase name="deactivateCombat_setsPlayerStateToIdle" classname="TestStateHandler" time="0.004"/>
  <testcase name="getCombatTime_returnsCorrectTime" classname="TestStateHandler" time="0.003"/>
</testsuite>